{"C:\\Filipe\\React\\LivenMarket\\App.js": {"path":"C:\\Filipe\\React\\LivenMarket\\App.js","statementMap":{"0":{"start":{"line":14,"column":14},"end":{"line":14,"column":36}},"1":{"start":{"line":17,"column":50},"end":{"line":17,"column":65}},"2":{"start":{"line":19,"column":2},"end":{"line":21,"column":9}},"3":{"start":{"line":20,"column":4},"end":{"line":20,"column":32}},"4":{"start":{"line":24,"column":4},"end":{"line":38,"column":5}},"5":{"start":{"line":25,"column":6},"end":{"line":25,"column":42}},"6":{"start":{"line":26,"column":6},"end":{"line":30,"column":9}},"7":{"start":{"line":32,"column":6},"end":{"line":32,"column":31}},"8":{"start":{"line":34,"column":6},"end":{"line":34,"column":31}},"9":{"start":{"line":41,"column":2},"end":{"line":46,"column":3}},"10":{"start":{"line":42,"column":4},"end":{"line":42,"column":30}},"11":{"start":{"line":43,"column":4},"end":{"line":45,"column":5}},"12":{"start":{"line":47,"column":2},"end":{"line":47,"column":24}},"13":{"start":{"line":48,"column":2},"end":{"line":70,"column":4}},"14":{"start":{"line":73,"column":15},"end":{"line":80,"column":2}}},"fnMap":{"0":{"name":"App","decl":{"start":{"line":16,"column":24},"end":{"line":16,"column":27}},"loc":{"start":{"line":16,"column":30},"end":{"line":71,"column":1}},"line":16},"1":{"name":"(anonymous_1)","decl":{"start":{"line":19,"column":12},"end":{"line":19,"column":13}},"loc":{"start":{"line":19,"column":18},"end":{"line":21,"column":3}},"line":19},"2":{"name":"loadResourcesAndDataAsync","decl":{"start":{"line":23,"column":17},"end":{"line":23,"column":42}},"loc":{"start":{"line":23,"column":45},"end":{"line":39,"column":3}},"line":23}},"branchMap":{"0":{"loc":{"start":{"line":41,"column":2},"end":{"line":46,"column":3}},"type":"if","locations":[{"start":{"line":41,"column":2},"end":{"line":46,"column":3}},{"start":{},"end":{}}],"line":41}},"s":{"0":0,"1":0,"2":0,"3":0,"4":0,"5":0,"6":0,"7":0,"8":0,"9":0,"10":0,"11":0,"12":0,"13":0,"14":0},"f":{"0":0,"1":0,"2":0},"b":{"0":[0,0]}}
,"C:\\Filipe\\React\\LivenMarket\\containers\\home\\HomeScreen.js": {"path":"C:\\Filipe\\React\\LivenMarket\\containers\\home\\HomeScreen.js","statementMap":{"0":{"start":{"line":12,"column":22},"end":{"line":12,"column":36}},"1":{"start":{"line":13,"column":46},"end":{"line":13,"column":58}},"2":{"start":{"line":14,"column":38},"end":{"line":14,"column":52}},"3":{"start":{"line":15,"column":30},"end":{"line":15,"column":41}},"4":{"start":{"line":17,"column":4},"end":{"line":19,"column":10}},"5":{"start":{"line":18,"column":8},"end":{"line":18,"column":18}},"6":{"start":{"line":21,"column":4},"end":{"line":25,"column":27}},"7":{"start":{"line":22,"column":8},"end":{"line":23,"column":53}},"8":{"start":{"line":28,"column":8},"end":{"line":28,"column":27}},"9":{"start":{"line":29,"column":8},"end":{"line":70,"column":11}},"10":{"start":{"line":36,"column":12},"end":{"line":50,"column":14}},"11":{"start":{"line":37,"column":16},"end":{"line":44,"column":17}},"12":{"start":{"line":38,"column":30},"end":{"line":38,"column":33}},"13":{"start":{"line":39,"column":20},"end":{"line":39,"column":43}},"14":{"start":{"line":40,"column":20},"end":{"line":40,"column":66}},"15":{"start":{"line":40,"column":41},"end":{"line":40,"column":63}},"16":{"start":{"line":41,"column":20},"end":{"line":41,"column":42}},"17":{"start":{"line":42,"column":20},"end":{"line":42,"column":40}},"18":{"start":{"line":43,"column":20},"end":{"line":43,"column":48}},"19":{"start":{"line":46,"column":16},"end":{"line":48,"column":25}},"20":{"start":{"line":49,"column":16},"end":{"line":49,"column":36}},"21":{"start":{"line":52,"column":12},"end":{"line":52,"column":32}},"22":{"start":{"line":54,"column":12},"end":{"line":69,"column":14}},"23":{"start":{"line":60,"column":39},"end":{"line":60,"column":48}},"24":{"start":{"line":73,"column":4},"end":{"line":137,"column":5}},"25":{"start":{"line":84,"column":28},"end":{"line":84,"column":56}},"26":{"start":{"line":104,"column":24},"end":{"line":128,"column":25}},"27":{"start":{"line":107,"column":36},"end":{"line":107,"column":89}},"28":{"start":{"line":130,"column":42},"end":{"line":130,"column":57}},"29":{"start":{"line":141,"column":10},"end":{"line":162,"column":2}}},"fnMap":{"0":{"name":"HomeScreen","decl":{"start":{"line":11,"column":24},"end":{"line":11,"column":34}},"loc":{"start":{"line":11,"column":58},"end":{"line":139,"column":1}},"line":11},"1":{"name":"(anonymous_1)","decl":{"start":{"line":17,"column":14},"end":{"line":17,"column":15}},"loc":{"start":{"line":17,"column":20},"end":{"line":19,"column":5}},"line":17},"2":{"name":"(anonymous_2)","decl":{"start":{"line":21,"column":14},"end":{"line":21,"column":15}},"loc":{"start":{"line":21,"column":20},"end":{"line":25,"column":5}},"line":21},"3":{"name":"getData","decl":{"start":{"line":27,"column":19},"end":{"line":27,"column":26}},"loc":{"start":{"line":27,"column":29},"end":{"line":71,"column":5}},"line":27},"4":{"name":"(anonymous_4)","decl":{"start":{"line":35,"column":16},"end":{"line":35,"column":17}},"loc":{"start":{"line":35,"column":26},"end":{"line":51,"column":9}},"line":35},"5":{"name":"(anonymous_5)","decl":{"start":{"line":36,"column":29},"end":{"line":36,"column":30}},"loc":{"start":{"line":36,"column":38},"end":{"line":45,"column":13}},"line":36},"6":{"name":"(anonymous_6)","decl":{"start":{"line":40,"column":29},"end":{"line":40,"column":30}},"loc":{"start":{"line":40,"column":39},"end":{"line":40,"column":65}},"line":40},"7":{"name":"(anonymous_7)","decl":{"start":{"line":45,"column":21},"end":{"line":45,"column":22}},"loc":{"start":{"line":45,"column":30},"end":{"line":50,"column":13}},"line":45},"8":{"name":"(anonymous_8)","decl":{"start":{"line":51,"column":17},"end":{"line":51,"column":18}},"loc":{"start":{"line":51,"column":26},"end":{"line":70,"column":9}},"line":51},"9":{"name":"(anonymous_9)","decl":{"start":{"line":60,"column":33},"end":{"line":60,"column":34}},"loc":{"start":{"line":60,"column":39},"end":{"line":60,"column":48}},"line":60},"10":{"name":"(anonymous_10)","decl":{"start":{"line":65,"column":33},"end":{"line":65,"column":34}},"loc":{"start":{"line":65,"column":39},"end":{"line":65,"column":42}},"line":65},"11":{"name":"(anonymous_11)","decl":{"start":{"line":83,"column":33},"end":{"line":83,"column":34}},"loc":{"start":{"line":83,"column":39},"end":{"line":85,"column":25}},"line":83},"12":{"name":"(anonymous_12)","decl":{"start":{"line":103,"column":32},"end":{"line":103,"column":33}},"loc":{"start":{"line":103,"column":46},"end":{"line":129,"column":21}},"line":103},"13":{"name":"(anonymous_13)","decl":{"start":{"line":106,"column":74},"end":{"line":106,"column":75}},"loc":{"start":{"line":106,"column":80},"end":{"line":108,"column":33}},"line":106},"14":{"name":"(anonymous_14)","decl":{"start":{"line":130,"column":34},"end":{"line":130,"column":35}},"loc":{"start":{"line":130,"column":42},"end":{"line":130,"column":57}},"line":130}},"branchMap":{"0":{"loc":{"start":{"line":22,"column":8},"end":{"line":23,"column":53}},"type":"cond-expr","locations":[{"start":{"line":23,"column":12},"end":{"line":23,"column":46}},{"start":{"line":23,"column":49},"end":{"line":23,"column":53}}],"line":22},"1":{"loc":{"start":{"line":37,"column":16},"end":{"line":44,"column":17}},"type":"if","locations":[{"start":{"line":37,"column":16},"end":{"line":44,"column":17}},{"start":{},"end":{}}],"line":37},"2":{"loc":{"start":{"line":92,"column":13},"end":{"line":134,"column":18}},"type":"cond-expr","locations":[{"start":{"line":93,"column":16},"end":{"line":98,"column":23}},{"start":{"line":100,"column":16},"end":{"line":134,"column":18}}],"line":92},"3":{"loc":{"start":{"line":111,"column":44},"end":{"line":113,"column":75}},"type":"cond-expr","locations":[{"start":{"line":112,"column":48},"end":{"line":112,"column":157}},{"start":{"line":113,"column":50},"end":{"line":113,"column":75}}],"line":111}},"s":{"0":3,"1":3,"2":3,"3":3,"4":3,"5":3,"6":3,"7":3,"8":3,"9":3,"10":0,"11":0,"12":0,"13":0,"14":0,"15":0,"16":0,"17":0,"18":0,"19":0,"20":0,"21":0,"22":0,"23":0,"24":3,"25":0,"26":0,"27":0,"28":0,"29":1},"f":{"0":3,"1":3,"2":3,"3":3,"4":0,"5":0,"6":0,"7":0,"8":0,"9":0,"10":0,"11":0,"12":0,"13":0,"14":0},"b":{"0":[3,0],"1":[0,0],"2":[3,0],"3":[0,0]},"_coverageSchema":"1a1c01bbd47fc00a2c39e90264f33305004495a9","hash":"357e7caab9d58e8a8b942d03f39b58b6cc35611f"}
,"C:\\Filipe\\React\\LivenMarket\\containers\\login\\Login.js": {"path":"C:\\Filipe\\React\\LivenMarket\\containers\\login\\Login.js","statementMap":{"0":{"start":{"line":7,"column":36},"end":{"line":7,"column":51}},"1":{"start":{"line":8,"column":26},"end":{"line":8,"column":41}},"2":{"start":{"line":9,"column":54},"end":{"line":9,"column":68}},"3":{"start":{"line":10,"column":38},"end":{"line":10,"column":53}},"4":{"start":{"line":13,"column":8},"end":{"line":13,"column":42}},"5":{"start":{"line":14,"column":8},"end":{"line":14,"column":43}},"6":{"start":{"line":16,"column":4},"end":{"line":109,"column":5}},"7":{"start":{"line":82,"column":32},"end":{"line":82,"column":90}},"8":{"start":{"line":87,"column":32},"end":{"line":87,"column":94}},"9":{"start":{"line":100,"column":36},"end":{"line":100,"column":59}},"10":{"start":{"line":112,"column":15},"end":{"line":119,"column":2}}},"fnMap":{"0":{"name":"Login","decl":{"start":{"line":6,"column":24},"end":{"line":6,"column":29}},"loc":{"start":{"line":6,"column":53},"end":{"line":110,"column":1}},"line":6},"1":{"name":"navigateToHomeScreen","decl":{"start":{"line":12,"column":13},"end":{"line":12,"column":33}},"loc":{"start":{"line":12,"column":36},"end":{"line":15,"column":5}},"line":12},"2":{"name":"(anonymous_2)","decl":{"start":{"line":50,"column":50},"end":{"line":50,"column":51}},"loc":{"start":{"line":50,"column":61},"end":{"line":52,"column":37}},"line":50},"3":{"name":"(anonymous_3)","decl":{"start":{"line":62,"column":50},"end":{"line":62,"column":51}},"loc":{"start":{"line":62,"column":61},"end":{"line":62,"column":64}},"line":62},"4":{"name":"(anonymous_4)","decl":{"start":{"line":63,"column":53},"end":{"line":63,"column":54}},"loc":{"start":{"line":63,"column":59},"end":{"line":65,"column":37}},"line":63},"5":{"name":"(anonymous_5)","decl":{"start":{"line":68,"column":100},"end":{"line":68,"column":101}},"loc":{"start":{"line":68,"column":106},"end":{"line":70,"column":29}},"line":68},"6":{"name":"(anonymous_6)","decl":{"start":{"line":81,"column":75},"end":{"line":81,"column":76}},"loc":{"start":{"line":81,"column":81},"end":{"line":83,"column":29}},"line":81},"7":{"name":"(anonymous_7)","decl":{"start":{"line":86,"column":75},"end":{"line":86,"column":76}},"loc":{"start":{"line":86,"column":81},"end":{"line":88,"column":29}},"line":86},"8":{"name":"(anonymous_8)","decl":{"start":{"line":99,"column":41},"end":{"line":99,"column":42}},"loc":{"start":{"line":99,"column":47},"end":{"line":101,"column":33}},"line":99}},"branchMap":{"0":{"loc":{"start":{"line":19,"column":64},"end":{"line":19,"column":104}},"type":"cond-expr","locations":[{"start":{"line":19,"column":88},"end":{"line":19,"column":97}},{"start":{"line":19,"column":100},"end":{"line":19,"column":104}}],"line":19},"1":{"loc":{"start":{"line":72,"column":42},"end":{"line":72,"column":93}},"type":"cond-expr","locations":[{"start":{"line":72,"column":62},"end":{"line":72,"column":74}},{"start":{"line":72,"column":77},"end":{"line":72,"column":93}}],"line":72},"2":{"loc":{"start":{"line":93,"column":25},"end":{"line":103,"column":37}},"type":"cond-expr","locations":[{"start":{"line":94,"column":28},"end":{"line":94,"column":52}},{"start":{"line":95,"column":30},"end":{"line":103,"column":37}}],"line":93}},"s":{"0":3,"1":3,"2":3,"3":3,"4":0,"5":0,"6":3,"7":0,"8":0,"9":0,"10":1},"f":{"0":3,"1":0,"2":0,"3":0,"4":0,"5":0,"6":0,"7":0,"8":0},"b":{"0":[3,0],"1":[3,0],"2":[0,3]},"_coverageSchema":"1a1c01bbd47fc00a2c39e90264f33305004495a9","hash":"42c75d53e957784be0e4b9a68d7bab92dbcb9ef7"}
,"C:\\Filipe\\React\\LivenMarket\\containers\\sale\\Cart.js": {"path":"C:\\Filipe\\React\\LivenMarket\\containers\\sale\\Cart.js","statementMap":{"0":{"start":{"line":11,"column":2},"end":{"line":11,"column":25}},"1":{"start":{"line":15,"column":46},"end":{"line":15,"column":61}},"2":{"start":{"line":17,"column":46},"end":{"line":17,"column":58}},"3":{"start":{"line":19,"column":32},"end":{"line":19,"column":43}},"4":{"start":{"line":21,"column":4},"end":{"line":34,"column":10}},"5":{"start":{"line":22,"column":18},"end":{"line":22,"column":28}},"6":{"start":{"line":25,"column":8},"end":{"line":28,"column":11}},"7":{"start":{"line":26,"column":12},"end":{"line":26,"column":41}},"8":{"start":{"line":27,"column":12},"end":{"line":27,"column":70}},"9":{"start":{"line":27,"column":49},"end":{"line":27,"column":68}},"10":{"start":{"line":31,"column":8},"end":{"line":31,"column":30}},"11":{"start":{"line":32,"column":8},"end":{"line":32,"column":25}},"12":{"start":{"line":33,"column":8},"end":{"line":33,"column":19}},"13":{"start":{"line":39,"column":18},"end":{"line":39,"column":31}},"14":{"start":{"line":40,"column":8},"end":{"line":44,"column":11}},"15":{"start":{"line":41,"column":12},"end":{"line":43,"column":13}},"16":{"start":{"line":42,"column":16},"end":{"line":42,"column":39}},"17":{"start":{"line":45,"column":8},"end":{"line":45,"column":30}},"18":{"start":{"line":46,"column":8},"end":{"line":46,"column":25}},"19":{"start":{"line":51,"column":18},"end":{"line":51,"column":28}},"20":{"start":{"line":52,"column":16},"end":{"line":52,"column":17}},"21":{"start":{"line":53,"column":8},"end":{"line":55,"column":11}},"22":{"start":{"line":54,"column":12},"end":{"line":54,"column":57}},"23":{"start":{"line":56,"column":8},"end":{"line":56,"column":21}},"24":{"start":{"line":61,"column":18},"end":{"line":61,"column":28}},"25":{"start":{"line":62,"column":18},"end":{"line":62,"column":35}},"26":{"start":{"line":63,"column":8},"end":{"line":63,"column":45}},"27":{"start":{"line":63,"column":24},"end":{"line":63,"column":43}},"28":{"start":{"line":65,"column":8},"end":{"line":65,"column":30}},"29":{"start":{"line":66,"column":8},"end":{"line":66,"column":41}},"30":{"start":{"line":67,"column":8},"end":{"line":67,"column":25}},"31":{"start":{"line":68,"column":8},"end":{"line":68,"column":19}},"32":{"start":{"line":72,"column":4},"end":{"line":228,"column":5}},"33":{"start":{"line":76,"column":55},"end":{"line":76,"column":74}},"34":{"start":{"line":86,"column":24},"end":{"line":105,"column":26}},"35":{"start":{"line":93,"column":40},"end":{"line":93,"column":55}},"36":{"start":{"line":94,"column":40},"end":{"line":94,"column":69}},"37":{"start":{"line":95,"column":40},"end":{"line":95,"column":73}},"38":{"start":{"line":115,"column":24},"end":{"line":168,"column":25}},"39":{"start":{"line":118,"column":36},"end":{"line":118,"column":89}},"40":{"start":{"line":138,"column":52},"end":{"line":138,"column":73}},"41":{"start":{"line":139,"column":52},"end":{"line":139,"column":63}},"42":{"start":{"line":140,"column":52},"end":{"line":140,"column":84}},"43":{"start":{"line":142,"column":80},"end":{"line":142,"column":103}},"44":{"start":{"line":158,"column":44},"end":{"line":158,"column":61}},"45":{"start":{"line":159,"column":44},"end":{"line":161,"column":46}},"46":{"start":{"line":170,"column":51},"end":{"line":170,"column":64}},"47":{"start":{"line":198,"column":24},"end":{"line":198,"column":58}},"48":{"start":{"line":204,"column":24},"end":{"line":204,"column":67}},"49":{"start":{"line":222,"column":24},"end":{"line":222,"column":58}},"50":{"start":{"line":232,"column":10},"end":{"line":253,"column":2}}},"fnMap":{"0":{"name":"Cart","decl":{"start":{"line":13,"column":24},"end":{"line":13,"column":28}},"loc":{"start":{"line":13,"column":52},"end":{"line":230,"column":1}},"line":13},"1":{"name":"(anonymous_1)","decl":{"start":{"line":21,"column":14},"end":{"line":21,"column":15}},"loc":{"start":{"line":21,"column":20},"end":{"line":34,"column":5}},"line":21},"2":{"name":"(anonymous_2)","decl":{"start":{"line":25,"column":20},"end":{"line":25,"column":21}},"loc":{"start":{"line":25,"column":40},"end":{"line":28,"column":9}},"line":25},"3":{"name":"setQtde","decl":{"start":{"line":38,"column":13},"end":{"line":38,"column":20}},"loc":{"start":{"line":38,"column":33},"end":{"line":47,"column":5}},"line":38},"4":{"name":"(anonymous_4)","decl":{"start":{"line":40,"column":20},"end":{"line":40,"column":21}},"loc":{"start":{"line":40,"column":40},"end":{"line":44,"column":9}},"line":40},"5":{"name":"sumTotal","decl":{"start":{"line":50,"column":13},"end":{"line":50,"column":21}},"loc":{"start":{"line":50,"column":24},"end":{"line":57,"column":5}},"line":50},"6":{"name":"(anonymous_6)","decl":{"start":{"line":53,"column":20},"end":{"line":53,"column":21}},"loc":{"start":{"line":53,"column":33},"end":{"line":55,"column":9}},"line":53},"7":{"name":"removeItem","decl":{"start":{"line":60,"column":13},"end":{"line":60,"column":23}},"loc":{"start":{"line":60,"column":30},"end":{"line":69,"column":5}},"line":60},"8":{"name":"(anonymous_8)","decl":{"start":{"line":76,"column":47},"end":{"line":76,"column":48}},"loc":{"start":{"line":76,"column":53},"end":{"line":76,"column":76}},"line":76},"9":{"name":"(anonymous_9)","decl":{"start":{"line":85,"column":72},"end":{"line":85,"column":73}},"loc":{"start":{"line":85,"column":78},"end":{"line":106,"column":21}},"line":85},"10":{"name":"(anonymous_10)","decl":{"start":{"line":92,"column":45},"end":{"line":92,"column":46}},"loc":{"start":{"line":92,"column":51},"end":{"line":96,"column":37}},"line":92},"11":{"name":"(anonymous_11)","decl":{"start":{"line":101,"column":45},"end":{"line":101,"column":46}},"loc":{"start":{"line":101,"column":51},"end":{"line":101,"column":54}},"line":101},"12":{"name":"(anonymous_12)","decl":{"start":{"line":114,"column":32},"end":{"line":114,"column":33}},"loc":{"start":{"line":114,"column":53},"end":{"line":169,"column":21}},"line":114},"13":{"name":"(anonymous_13)","decl":{"start":{"line":117,"column":74},"end":{"line":117,"column":75}},"loc":{"start":{"line":117,"column":80},"end":{"line":119,"column":33}},"line":117},"14":{"name":"(anonymous_14)","decl":{"start":{"line":137,"column":58},"end":{"line":137,"column":59}},"loc":{"start":{"line":137,"column":67},"end":{"line":141,"column":49}},"line":137},"15":{"name":"(anonymous_15)","decl":{"start":{"line":142,"column":64},"end":{"line":142,"column":65}},"loc":{"start":{"line":142,"column":80},"end":{"line":142,"column":103}},"line":142},"16":{"name":"(anonymous_16)","decl":{"start":{"line":157,"column":69},"end":{"line":157,"column":70}},"loc":{"start":{"line":157,"column":75},"end":{"line":162,"column":41}},"line":157},"17":{"name":"(anonymous_17)","decl":{"start":{"line":170,"column":34},"end":{"line":170,"column":35}},"loc":{"start":{"line":170,"column":51},"end":{"line":170,"column":64}},"line":170},"18":{"name":"(anonymous_18)","decl":{"start":{"line":197,"column":42},"end":{"line":197,"column":43}},"loc":{"start":{"line":197,"column":48},"end":{"line":199,"column":21}},"line":197},"19":{"name":"(anonymous_19)","decl":{"start":{"line":203,"column":42},"end":{"line":203,"column":43}},"loc":{"start":{"line":203,"column":48},"end":{"line":205,"column":21}},"line":203},"20":{"name":"(anonymous_20)","decl":{"start":{"line":221,"column":42},"end":{"line":221,"column":43}},"loc":{"start":{"line":221,"column":48},"end":{"line":223,"column":21}},"line":221}},"branchMap":{"0":{"loc":{"start":{"line":27,"column":12},"end":{"line":27,"column":70}},"type":"if","locations":[{"start":{"line":27,"column":12},"end":{"line":27,"column":70}},{"start":{},"end":{}}],"line":27},"1":{"loc":{"start":{"line":41,"column":12},"end":{"line":43,"column":13}},"type":"if","locations":[{"start":{"line":41,"column":12},"end":{"line":43,"column":13}},{"start":{},"end":{}}],"line":41},"2":{"loc":{"start":{"line":63,"column":8},"end":{"line":63,"column":45}},"type":"if","locations":[{"start":{"line":63,"column":8},"end":{"line":63,"column":45}},{"start":{},"end":{}}],"line":63},"3":{"loc":{"start":{"line":85,"column":21},"end":{"line":108,"column":46}},"type":"cond-expr","locations":[{"start":{"line":85,"column":45},"end":{"line":108,"column":39}},{"start":{"line":108,"column":42},"end":{"line":108,"column":46}}],"line":85},"4":{"loc":{"start":{"line":111,"column":13},"end":{"line":226,"column":23}},"type":"cond-expr","locations":[{"start":{"line":111,"column":40},"end":{"line":211,"column":22}},{"start":{"line":212,"column":16},"end":{"line":226,"column":23}}],"line":111},"5":{"loc":{"start":{"line":122,"column":44},"end":{"line":124,"column":75}},"type":"cond-expr","locations":[{"start":{"line":123,"column":48},"end":{"line":123,"column":151}},{"start":{"line":124,"column":50},"end":{"line":124,"column":75}}],"line":122}},"s":{"0":1,"1":0,"2":0,"3":0,"4":0,"5":0,"6":0,"7":0,"8":0,"9":0,"10":0,"11":0,"12":0,"13":0,"14":0,"15":0,"16":0,"17":0,"18":0,"19":0,"20":0,"21":0,"22":0,"23":0,"24":0,"25":0,"26":0,"27":0,"28":0,"29":0,"30":0,"31":0,"32":0,"33":0,"34":0,"35":0,"36":0,"37":0,"38":0,"39":0,"40":0,"41":0,"42":0,"43":0,"44":0,"45":0,"46":0,"47":0,"48":0,"49":0,"50":1},"f":{"0":0,"1":0,"2":0,"3":0,"4":0,"5":0,"6":0,"7":0,"8":0,"9":0,"10":0,"11":0,"12":0,"13":0,"14":0,"15":0,"16":0,"17":0,"18":0,"19":0,"20":0},"b":{"0":[0,0],"1":[0,0],"2":[0,0],"3":[0,0],"4":[0,0],"5":[0,0]},"_coverageSchema":"1a1c01bbd47fc00a2c39e90264f33305004495a9","hash":"32bebb13d6806be5f9ced346357b6f4084d66b7d"}
,"C:\\Filipe\\React\\LivenMarket\\containers\\sale\\DetailsItem.js": {"path":"C:\\Filipe\\React\\LivenMarket\\containers\\sale\\DetailsItem.js","statementMap":{"0":{"start":{"line":13,"column":22},"end":{"line":13,"column":36}},"1":{"start":{"line":14,"column":17},"end":{"line":14,"column":37}},"2":{"start":{"line":15,"column":30},"end":{"line":15,"column":41}},"3":{"start":{"line":16,"column":32},"end":{"line":22,"column":6}},"4":{"start":{"line":23,"column":28},"end":{"line":23,"column":39}},"5":{"start":{"line":25,"column":4},"end":{"line":29,"column":27}},"6":{"start":{"line":26,"column":8},"end":{"line":27,"column":46}},"7":{"start":{"line":31,"column":4},"end":{"line":127,"column":5}},"8":{"start":{"line":35,"column":55},"end":{"line":35,"column":74}},"9":{"start":{"line":45,"column":24},"end":{"line":45,"column":52}},"10":{"start":{"line":59,"column":56},"end":{"line":59,"column":94}},"11":{"start":{"line":83,"column":36},"end":{"line":83,"column":50}},"12":{"start":{"line":84,"column":36},"end":{"line":84,"column":53}},"13":{"start":{"line":86,"column":64},"end":{"line":86,"column":87}},"14":{"start":{"line":100,"column":24},"end":{"line":100,"column":53}},"15":{"start":{"line":107,"column":24},"end":{"line":107,"column":46}},"16":{"start":{"line":109,"column":24},"end":{"line":109,"column":52}},"17":{"start":{"line":111,"column":24},"end":{"line":113,"column":26}},"18":{"start":{"line":131,"column":10},"end":{"line":152,"column":2}}},"fnMap":{"0":{"name":"DetailsItem","decl":{"start":{"line":12,"column":24},"end":{"line":12,"column":35}},"loc":{"start":{"line":12,"column":59},"end":{"line":129,"column":1}},"line":12},"1":{"name":"(anonymous_1)","decl":{"start":{"line":25,"column":14},"end":{"line":25,"column":15}},"loc":{"start":{"line":25,"column":20},"end":{"line":29,"column":5}},"line":25},"2":{"name":"(anonymous_2)","decl":{"start":{"line":35,"column":47},"end":{"line":35,"column":48}},"loc":{"start":{"line":35,"column":53},"end":{"line":35,"column":76}},"line":35},"3":{"name":"(anonymous_3)","decl":{"start":{"line":44,"column":47},"end":{"line":44,"column":48}},"loc":{"start":{"line":44,"column":53},"end":{"line":46,"column":21}},"line":44},"4":{"name":"(anonymous_4)","decl":{"start":{"line":59,"column":47},"end":{"line":59,"column":48}},"loc":{"start":{"line":59,"column":56},"end":{"line":59,"column":94}},"line":59},"5":{"name":"(anonymous_5)","decl":{"start":{"line":82,"column":42},"end":{"line":82,"column":43}},"loc":{"start":{"line":82,"column":51},"end":{"line":85,"column":33}},"line":82},"6":{"name":"(anonymous_6)","decl":{"start":{"line":86,"column":48},"end":{"line":86,"column":49}},"loc":{"start":{"line":86,"column":64},"end":{"line":86,"column":87}},"line":86},"7":{"name":"(anonymous_7)","decl":{"start":{"line":99,"column":85},"end":{"line":99,"column":86}},"loc":{"start":{"line":99,"column":91},"end":{"line":101,"column":21}},"line":99},"8":{"name":"(anonymous_8)","decl":{"start":{"line":106,"column":113},"end":{"line":106,"column":114}},"loc":{"start":{"line":106,"column":119},"end":{"line":114,"column":21}},"line":106}},"branchMap":{"0":{"loc":{"start":{"line":26,"column":8},"end":{"line":27,"column":46}},"type":"cond-expr","locations":[{"start":{"line":27,"column":12},"end":{"line":27,"column":39}},{"start":{"line":27,"column":42},"end":{"line":27,"column":46}}],"line":26}},"s":{"0":0,"1":0,"2":0,"3":0,"4":0,"5":0,"6":0,"7":0,"8":0,"9":0,"10":0,"11":0,"12":0,"13":0,"14":0,"15":0,"16":0,"17":0,"18":0},"f":{"0":0,"1":0,"2":0,"3":0,"4":0,"5":0,"6":0,"7":0,"8":0},"b":{"0":[0,0]}}
,"C:\\Filipe\\React\\LivenMarket\\containers\\sale\\components\\CartIcon.js": {"path":"C:\\Filipe\\React\\LivenMarket\\containers\\sale\\components\\CartIcon.js","statementMap":{"0":{"start":{"line":7,"column":4},"end":{"line":22,"column":5}}},"fnMap":{"0":{"name":"CartIcon","decl":{"start":{"line":6,"column":24},"end":{"line":6,"column":32}},"loc":{"start":{"line":6,"column":40},"end":{"line":23,"column":1}},"line":6}},"branchMap":{},"s":{"0":3},"f":{"0":3},"b":{},"_coverageSchema":"1a1c01bbd47fc00a2c39e90264f33305004495a9","hash":"f4a26c57faa3b0d008b084f4533cf4fa1c0dfbad"}
}
