{"C:\\Filipe\\React\\LivenMarket\\App.js": {"path":"C:\\Filipe\\React\\LivenMarket\\App.js","statementMap":{"0":{"start":{"line":14,"column":14},"end":{"line":14,"column":36}},"1":{"start":{"line":17,"column":50},"end":{"line":17,"column":65}},"2":{"start":{"line":19,"column":2},"end":{"line":21,"column":9}},"3":{"start":{"line":20,"column":4},"end":{"line":20,"column":32}},"4":{"start":{"line":24,"column":4},"end":{"line":38,"column":5}},"5":{"start":{"line":25,"column":6},"end":{"line":25,"column":42}},"6":{"start":{"line":26,"column":6},"end":{"line":30,"column":9}},"7":{"start":{"line":32,"column":6},"end":{"line":32,"column":31}},"8":{"start":{"line":34,"column":6},"end":{"line":34,"column":31}},"9":{"start":{"line":41,"column":2},"end":{"line":45,"column":3}},"10":{"start":{"line":42,"column":4},"end":{"line":44,"column":5}},"11":{"start":{"line":47,"column":2},"end":{"line":69,"column":4}},"12":{"start":{"line":72,"column":15},"end":{"line":79,"column":2}}},"fnMap":{"0":{"name":"App","decl":{"start":{"line":16,"column":24},"end":{"line":16,"column":27}},"loc":{"start":{"line":16,"column":30},"end":{"line":70,"column":1}},"line":16},"1":{"name":"(anonymous_1)","decl":{"start":{"line":19,"column":12},"end":{"line":19,"column":13}},"loc":{"start":{"line":19,"column":18},"end":{"line":21,"column":3}},"line":19},"2":{"name":"loadResourcesAndDataAsync","decl":{"start":{"line":23,"column":17},"end":{"line":23,"column":42}},"loc":{"start":{"line":23,"column":45},"end":{"line":39,"column":3}},"line":23}},"branchMap":{"0":{"loc":{"start":{"line":41,"column":2},"end":{"line":45,"column":3}},"type":"if","locations":[{"start":{"line":41,"column":2},"end":{"line":45,"column":3}},{"start":{},"end":{}}],"line":41}},"s":{"0":1,"1":4,"2":4,"3":2,"4":2,"5":2,"6":2,"7":2,"8":2,"9":4,"10":2,"11":2,"12":1},"f":{"0":4,"1":2,"2":2},"b":{"0":[2,2]},"_coverageSchema":"1a1c01bbd47fc00a2c39e90264f33305004495a9","hash":"59413fedeb4cde5bbaa1b5bad092cb85bc364d79"}
,"C:\\Filipe\\React\\LivenMarket\\containers\\home\\HomeScreen.js": {"path":"C:\\Filipe\\React\\LivenMarket\\containers\\home\\HomeScreen.js","statementMap":{"0":{"start":{"line":11,"column":22},"end":{"line":11,"column":36}},"1":{"start":{"line":12,"column":46},"end":{"line":12,"column":58}},"2":{"start":{"line":13,"column":38},"end":{"line":13,"column":52}},"3":{"start":{"line":14,"column":30},"end":{"line":14,"column":41}},"4":{"start":{"line":16,"column":4},"end":{"line":18,"column":10}},"5":{"start":{"line":17,"column":8},"end":{"line":17,"column":18}},"6":{"start":{"line":20,"column":4},"end":{"line":22,"column":27}},"7":{"start":{"line":21,"column":8},"end":{"line":21,"column":51}},"8":{"start":{"line":21,"column":23},"end":{"line":21,"column":51}},"9":{"start":{"line":25,"column":8},"end":{"line":25,"column":27}},"10":{"start":{"line":26,"column":8},"end":{"line":67,"column":11}},"11":{"start":{"line":33,"column":12},"end":{"line":47,"column":14}},"12":{"start":{"line":34,"column":16},"end":{"line":41,"column":17}},"13":{"start":{"line":35,"column":30},"end":{"line":35,"column":33}},"14":{"start":{"line":36,"column":20},"end":{"line":36,"column":43}},"15":{"start":{"line":37,"column":20},"end":{"line":37,"column":66}},"16":{"start":{"line":37,"column":41},"end":{"line":37,"column":63}},"17":{"start":{"line":38,"column":20},"end":{"line":38,"column":42}},"18":{"start":{"line":39,"column":20},"end":{"line":39,"column":40}},"19":{"start":{"line":40,"column":20},"end":{"line":40,"column":48}},"20":{"start":{"line":43,"column":16},"end":{"line":45,"column":25}},"21":{"start":{"line":46,"column":16},"end":{"line":46,"column":36}},"22":{"start":{"line":49,"column":12},"end":{"line":49,"column":32}},"23":{"start":{"line":51,"column":12},"end":{"line":66,"column":14}},"24":{"start":{"line":57,"column":39},"end":{"line":57,"column":48}},"25":{"start":{"line":70,"column":4},"end":{"line":134,"column":5}},"26":{"start":{"line":81,"column":28},"end":{"line":81,"column":56}},"27":{"start":{"line":101,"column":24},"end":{"line":125,"column":25}},"28":{"start":{"line":104,"column":36},"end":{"line":104,"column":89}},"29":{"start":{"line":127,"column":42},"end":{"line":127,"column":57}},"30":{"start":{"line":138,"column":10},"end":{"line":159,"column":2}}},"fnMap":{"0":{"name":"HomeScreen","decl":{"start":{"line":10,"column":24},"end":{"line":10,"column":34}},"loc":{"start":{"line":10,"column":58},"end":{"line":136,"column":1}},"line":10},"1":{"name":"(anonymous_1)","decl":{"start":{"line":16,"column":14},"end":{"line":16,"column":15}},"loc":{"start":{"line":16,"column":20},"end":{"line":18,"column":5}},"line":16},"2":{"name":"(anonymous_2)","decl":{"start":{"line":20,"column":14},"end":{"line":20,"column":15}},"loc":{"start":{"line":20,"column":20},"end":{"line":22,"column":5}},"line":20},"3":{"name":"getData","decl":{"start":{"line":24,"column":19},"end":{"line":24,"column":26}},"loc":{"start":{"line":24,"column":29},"end":{"line":68,"column":5}},"line":24},"4":{"name":"(anonymous_4)","decl":{"start":{"line":32,"column":16},"end":{"line":32,"column":17}},"loc":{"start":{"line":32,"column":26},"end":{"line":48,"column":9}},"line":32},"5":{"name":"(anonymous_5)","decl":{"start":{"line":33,"column":29},"end":{"line":33,"column":30}},"loc":{"start":{"line":33,"column":38},"end":{"line":42,"column":13}},"line":33},"6":{"name":"(anonymous_6)","decl":{"start":{"line":37,"column":29},"end":{"line":37,"column":30}},"loc":{"start":{"line":37,"column":39},"end":{"line":37,"column":65}},"line":37},"7":{"name":"(anonymous_7)","decl":{"start":{"line":42,"column":21},"end":{"line":42,"column":22}},"loc":{"start":{"line":42,"column":30},"end":{"line":47,"column":13}},"line":42},"8":{"name":"(anonymous_8)","decl":{"start":{"line":48,"column":17},"end":{"line":48,"column":18}},"loc":{"start":{"line":48,"column":26},"end":{"line":67,"column":9}},"line":48},"9":{"name":"(anonymous_9)","decl":{"start":{"line":57,"column":33},"end":{"line":57,"column":34}},"loc":{"start":{"line":57,"column":39},"end":{"line":57,"column":48}},"line":57},"10":{"name":"(anonymous_10)","decl":{"start":{"line":62,"column":33},"end":{"line":62,"column":34}},"loc":{"start":{"line":62,"column":39},"end":{"line":62,"column":42}},"line":62},"11":{"name":"(anonymous_11)","decl":{"start":{"line":80,"column":33},"end":{"line":80,"column":34}},"loc":{"start":{"line":80,"column":39},"end":{"line":82,"column":25}},"line":80},"12":{"name":"(anonymous_12)","decl":{"start":{"line":100,"column":32},"end":{"line":100,"column":33}},"loc":{"start":{"line":100,"column":46},"end":{"line":126,"column":21}},"line":100},"13":{"name":"(anonymous_13)","decl":{"start":{"line":103,"column":74},"end":{"line":103,"column":75}},"loc":{"start":{"line":103,"column":80},"end":{"line":105,"column":33}},"line":103},"14":{"name":"(anonymous_14)","decl":{"start":{"line":127,"column":34},"end":{"line":127,"column":35}},"loc":{"start":{"line":127,"column":42},"end":{"line":127,"column":57}},"line":127}},"branchMap":{"0":{"loc":{"start":{"line":21,"column":8},"end":{"line":21,"column":51}},"type":"if","locations":[{"start":{"line":21,"column":8},"end":{"line":21,"column":51}},{"start":{},"end":{}}],"line":21},"1":{"loc":{"start":{"line":34,"column":16},"end":{"line":41,"column":17}},"type":"if","locations":[{"start":{"line":34,"column":16},"end":{"line":41,"column":17}},{"start":{},"end":{}}],"line":34},"2":{"loc":{"start":{"line":89,"column":13},"end":{"line":131,"column":18}},"type":"cond-expr","locations":[{"start":{"line":90,"column":16},"end":{"line":95,"column":23}},{"start":{"line":97,"column":16},"end":{"line":131,"column":18}}],"line":89},"3":{"loc":{"start":{"line":108,"column":44},"end":{"line":110,"column":75}},"type":"cond-expr","locations":[{"start":{"line":109,"column":48},"end":{"line":109,"column":157}},{"start":{"line":110,"column":50},"end":{"line":110,"column":75}}],"line":108}},"s":{"0":6,"1":6,"2":6,"3":6,"4":6,"5":6,"6":6,"7":6,"8":6,"9":6,"10":6,"11":0,"12":0,"13":0,"14":0,"15":0,"16":0,"17":0,"18":0,"19":0,"20":0,"21":0,"22":0,"23":0,"24":0,"25":6,"26":0,"27":0,"28":0,"29":0,"30":1},"f":{"0":6,"1":6,"2":6,"3":6,"4":0,"5":0,"6":0,"7":0,"8":0,"9":0,"10":0,"11":0,"12":0,"13":0,"14":0},"b":{"0":[6,0],"1":[0,0],"2":[6,0],"3":[0,0]},"_coverageSchema":"1a1c01bbd47fc00a2c39e90264f33305004495a9","hash":"25931b9dfb4f4e46a8acb5aff622246a797395c2"}
,"C:\\Filipe\\React\\LivenMarket\\containers\\login\\Login.js": {"path":"C:\\Filipe\\React\\LivenMarket\\containers\\login\\Login.js","statementMap":{"0":{"start":{"line":7,"column":36},"end":{"line":7,"column":51}},"1":{"start":{"line":8,"column":26},"end":{"line":8,"column":41}},"2":{"start":{"line":9,"column":54},"end":{"line":9,"column":68}},"3":{"start":{"line":10,"column":38},"end":{"line":10,"column":53}},"4":{"start":{"line":13,"column":8},"end":{"line":13,"column":42}},"5":{"start":{"line":15,"column":4},"end":{"line":108,"column":5}},"6":{"start":{"line":81,"column":32},"end":{"line":81,"column":90}},"7":{"start":{"line":86,"column":32},"end":{"line":86,"column":94}},"8":{"start":{"line":99,"column":36},"end":{"line":99,"column":59}},"9":{"start":{"line":111,"column":15},"end":{"line":118,"column":2}}},"fnMap":{"0":{"name":"Login","decl":{"start":{"line":6,"column":24},"end":{"line":6,"column":29}},"loc":{"start":{"line":6,"column":53},"end":{"line":109,"column":1}},"line":6},"1":{"name":"navigateToHomeScreen","decl":{"start":{"line":12,"column":13},"end":{"line":12,"column":33}},"loc":{"start":{"line":12,"column":36},"end":{"line":14,"column":5}},"line":12},"2":{"name":"(anonymous_2)","decl":{"start":{"line":49,"column":50},"end":{"line":49,"column":51}},"loc":{"start":{"line":49,"column":61},"end":{"line":51,"column":37}},"line":49},"3":{"name":"(anonymous_3)","decl":{"start":{"line":61,"column":50},"end":{"line":61,"column":51}},"loc":{"start":{"line":61,"column":61},"end":{"line":61,"column":64}},"line":61},"4":{"name":"(anonymous_4)","decl":{"start":{"line":62,"column":53},"end":{"line":62,"column":54}},"loc":{"start":{"line":62,"column":59},"end":{"line":64,"column":37}},"line":62},"5":{"name":"(anonymous_5)","decl":{"start":{"line":67,"column":100},"end":{"line":67,"column":101}},"loc":{"start":{"line":67,"column":106},"end":{"line":69,"column":29}},"line":67},"6":{"name":"(anonymous_6)","decl":{"start":{"line":80,"column":75},"end":{"line":80,"column":76}},"loc":{"start":{"line":80,"column":81},"end":{"line":82,"column":29}},"line":80},"7":{"name":"(anonymous_7)","decl":{"start":{"line":85,"column":75},"end":{"line":85,"column":76}},"loc":{"start":{"line":85,"column":81},"end":{"line":87,"column":29}},"line":85},"8":{"name":"(anonymous_8)","decl":{"start":{"line":98,"column":41},"end":{"line":98,"column":42}},"loc":{"start":{"line":98,"column":47},"end":{"line":100,"column":33}},"line":98}},"branchMap":{"0":{"loc":{"start":{"line":18,"column":64},"end":{"line":18,"column":104}},"type":"cond-expr","locations":[{"start":{"line":18,"column":88},"end":{"line":18,"column":97}},{"start":{"line":18,"column":100},"end":{"line":18,"column":104}}],"line":18},"1":{"loc":{"start":{"line":71,"column":42},"end":{"line":71,"column":93}},"type":"cond-expr","locations":[{"start":{"line":71,"column":62},"end":{"line":71,"column":74}},{"start":{"line":71,"column":77},"end":{"line":71,"column":93}}],"line":71},"2":{"loc":{"start":{"line":92,"column":25},"end":{"line":102,"column":37}},"type":"cond-expr","locations":[{"start":{"line":93,"column":28},"end":{"line":93,"column":52}},{"start":{"line":94,"column":30},"end":{"line":102,"column":37}}],"line":92}},"s":{"0":6,"1":6,"2":6,"3":6,"4":0,"5":6,"6":0,"7":0,"8":0,"9":1},"f":{"0":6,"1":0,"2":0,"3":0,"4":0,"5":0,"6":0,"7":0,"8":0},"b":{"0":[6,0],"1":[6,0],"2":[0,6]},"_coverageSchema":"1a1c01bbd47fc00a2c39e90264f33305004495a9","hash":"7fed752997dbabddbfc73c8d8010f2db91169eee"}
,"C:\\Filipe\\React\\LivenMarket\\containers\\sale\\Cart.js": {"path":"C:\\Filipe\\React\\LivenMarket\\containers\\sale\\Cart.js","statementMap":{"0":{"start":{"line":11,"column":0},"end":{"line":11,"column":23}},"1":{"start":{"line":15,"column":46},"end":{"line":15,"column":61}},"2":{"start":{"line":17,"column":46},"end":{"line":17,"column":58}},"3":{"start":{"line":19,"column":32},"end":{"line":19,"column":43}},"4":{"start":{"line":21,"column":4},"end":{"line":38,"column":10}},"5":{"start":{"line":22,"column":18},"end":{"line":22,"column":35}},"6":{"start":{"line":25,"column":8},"end":{"line":32,"column":11}},"7":{"start":{"line":27,"column":12},"end":{"line":30,"column":13}},"8":{"start":{"line":27,"column":49},"end":{"line":27,"column":68}},"9":{"start":{"line":29,"column":16},"end":{"line":29,"column":67}},"10":{"start":{"line":35,"column":8},"end":{"line":35,"column":30}},"11":{"start":{"line":36,"column":8},"end":{"line":36,"column":32}},"12":{"start":{"line":37,"column":8},"end":{"line":37,"column":19}},"13":{"start":{"line":43,"column":18},"end":{"line":43,"column":31}},"14":{"start":{"line":44,"column":8},"end":{"line":48,"column":11}},"15":{"start":{"line":45,"column":12},"end":{"line":47,"column":13}},"16":{"start":{"line":46,"column":16},"end":{"line":46,"column":39}},"17":{"start":{"line":49,"column":8},"end":{"line":49,"column":30}},"18":{"start":{"line":50,"column":8},"end":{"line":50,"column":32}},"19":{"start":{"line":55,"column":18},"end":{"line":55,"column":35}},"20":{"start":{"line":56,"column":16},"end":{"line":56,"column":17}},"21":{"start":{"line":57,"column":8},"end":{"line":59,"column":11}},"22":{"start":{"line":58,"column":12},"end":{"line":58,"column":57}},"23":{"start":{"line":61,"column":8},"end":{"line":61,"column":21}},"24":{"start":{"line":63,"column":8},"end":{"line":63,"column":40}},"25":{"start":{"line":68,"column":18},"end":{"line":68,"column":35}},"26":{"start":{"line":69,"column":18},"end":{"line":69,"column":35}},"27":{"start":{"line":70,"column":8},"end":{"line":70,"column":45}},"28":{"start":{"line":70,"column":24},"end":{"line":70,"column":43}},"29":{"start":{"line":72,"column":8},"end":{"line":72,"column":30}},"30":{"start":{"line":73,"column":8},"end":{"line":73,"column":41}},"31":{"start":{"line":74,"column":8},"end":{"line":74,"column":32}},"32":{"start":{"line":75,"column":8},"end":{"line":75,"column":19}},"33":{"start":{"line":79,"column":4},"end":{"line":242,"column":5}},"34":{"start":{"line":83,"column":55},"end":{"line":83,"column":74}},"35":{"start":{"line":96,"column":32},"end":{"line":115,"column":34}},"36":{"start":{"line":103,"column":48},"end":{"line":103,"column":70}},"37":{"start":{"line":104,"column":48},"end":{"line":104,"column":84}},"38":{"start":{"line":105,"column":48},"end":{"line":105,"column":81}},"39":{"start":{"line":125,"column":24},"end":{"line":182,"column":25}},"40":{"start":{"line":128,"column":36},"end":{"line":128,"column":89}},"41":{"start":{"line":148,"column":52},"end":{"line":148,"column":73}},"42":{"start":{"line":149,"column":52},"end":{"line":149,"column":63}},"43":{"start":{"line":150,"column":52},"end":{"line":150,"column":84}},"44":{"start":{"line":152,"column":80},"end":{"line":152,"column":103}},"45":{"start":{"line":171,"column":48},"end":{"line":171,"column":65}},"46":{"start":{"line":172,"column":48},"end":{"line":172,"column":93}},"47":{"start":{"line":184,"column":51},"end":{"line":184,"column":64}},"48":{"start":{"line":212,"column":24},"end":{"line":212,"column":58}},"49":{"start":{"line":218,"column":24},"end":{"line":218,"column":67}},"50":{"start":{"line":236,"column":24},"end":{"line":236,"column":58}},"51":{"start":{"line":246,"column":10},"end":{"line":267,"column":2}}},"fnMap":{"0":{"name":"Cart","decl":{"start":{"line":13,"column":24},"end":{"line":13,"column":28}},"loc":{"start":{"line":13,"column":52},"end":{"line":244,"column":1}},"line":13},"1":{"name":"(anonymous_1)","decl":{"start":{"line":21,"column":14},"end":{"line":21,"column":15}},"loc":{"start":{"line":21,"column":20},"end":{"line":38,"column":5}},"line":21},"2":{"name":"(anonymous_2)","decl":{"start":{"line":25,"column":20},"end":{"line":25,"column":21}},"loc":{"start":{"line":25,"column":40},"end":{"line":32,"column":9}},"line":25},"3":{"name":"setQtde","decl":{"start":{"line":42,"column":13},"end":{"line":42,"column":20}},"loc":{"start":{"line":42,"column":33},"end":{"line":51,"column":5}},"line":42},"4":{"name":"(anonymous_4)","decl":{"start":{"line":44,"column":20},"end":{"line":44,"column":21}},"loc":{"start":{"line":44,"column":40},"end":{"line":48,"column":9}},"line":44},"5":{"name":"sumTotal","decl":{"start":{"line":54,"column":13},"end":{"line":54,"column":21}},"loc":{"start":{"line":54,"column":24},"end":{"line":64,"column":5}},"line":54},"6":{"name":"(anonymous_6)","decl":{"start":{"line":57,"column":20},"end":{"line":57,"column":21}},"loc":{"start":{"line":57,"column":33},"end":{"line":59,"column":9}},"line":57},"7":{"name":"removeItem","decl":{"start":{"line":67,"column":13},"end":{"line":67,"column":23}},"loc":{"start":{"line":67,"column":30},"end":{"line":76,"column":5}},"line":67},"8":{"name":"(anonymous_8)","decl":{"start":{"line":83,"column":47},"end":{"line":83,"column":48}},"loc":{"start":{"line":83,"column":53},"end":{"line":83,"column":76}},"line":83},"9":{"name":"(anonymous_9)","decl":{"start":{"line":95,"column":37},"end":{"line":95,"column":38}},"loc":{"start":{"line":95,"column":43},"end":{"line":116,"column":29}},"line":95},"10":{"name":"(anonymous_10)","decl":{"start":{"line":102,"column":53},"end":{"line":102,"column":54}},"loc":{"start":{"line":102,"column":59},"end":{"line":106,"column":45}},"line":102},"11":{"name":"(anonymous_11)","decl":{"start":{"line":111,"column":53},"end":{"line":111,"column":54}},"loc":{"start":{"line":111,"column":59},"end":{"line":111,"column":62}},"line":111},"12":{"name":"(anonymous_12)","decl":{"start":{"line":124,"column":32},"end":{"line":124,"column":33}},"loc":{"start":{"line":124,"column":53},"end":{"line":183,"column":21}},"line":124},"13":{"name":"(anonymous_13)","decl":{"start":{"line":127,"column":74},"end":{"line":127,"column":75}},"loc":{"start":{"line":127,"column":80},"end":{"line":129,"column":33}},"line":127},"14":{"name":"(anonymous_14)","decl":{"start":{"line":147,"column":58},"end":{"line":147,"column":59}},"loc":{"start":{"line":147,"column":67},"end":{"line":151,"column":49}},"line":147},"15":{"name":"(anonymous_15)","decl":{"start":{"line":152,"column":64},"end":{"line":152,"column":65}},"loc":{"start":{"line":152,"column":80},"end":{"line":152,"column":103}},"line":152},"16":{"name":"(anonymous_16)","decl":{"start":{"line":169,"column":65},"end":{"line":169,"column":66}},"loc":{"start":{"line":169,"column":71},"end":{"line":176,"column":45}},"line":169},"17":{"name":"(anonymous_17)","decl":{"start":{"line":184,"column":34},"end":{"line":184,"column":35}},"loc":{"start":{"line":184,"column":51},"end":{"line":184,"column":64}},"line":184},"18":{"name":"(anonymous_18)","decl":{"start":{"line":211,"column":42},"end":{"line":211,"column":43}},"loc":{"start":{"line":211,"column":48},"end":{"line":213,"column":21}},"line":211},"19":{"name":"(anonymous_19)","decl":{"start":{"line":217,"column":42},"end":{"line":217,"column":43}},"loc":{"start":{"line":217,"column":48},"end":{"line":219,"column":21}},"line":217},"20":{"name":"(anonymous_20)","decl":{"start":{"line":235,"column":42},"end":{"line":235,"column":43}},"loc":{"start":{"line":235,"column":48},"end":{"line":237,"column":21}},"line":235}},"branchMap":{"0":{"loc":{"start":{"line":27,"column":12},"end":{"line":30,"column":13}},"type":"if","locations":[{"start":{"line":27,"column":12},"end":{"line":30,"column":13}},{"start":{"line":28,"column":17},"end":{"line":30,"column":13}}],"line":27},"1":{"loc":{"start":{"line":45,"column":12},"end":{"line":47,"column":13}},"type":"if","locations":[{"start":{"line":45,"column":12},"end":{"line":47,"column":13}},{"start":{},"end":{}}],"line":45},"2":{"loc":{"start":{"line":70,"column":8},"end":{"line":70,"column":45}},"type":"if","locations":[{"start":{"line":70,"column":8},"end":{"line":70,"column":45}},{"start":{},"end":{}}],"line":70},"3":{"loc":{"start":{"line":92,"column":21},"end":{"line":118,"column":50}},"type":"cond-expr","locations":[{"start":{"line":93,"column":24},"end":{"line":118,"column":43}},{"start":{"line":118,"column":46},"end":{"line":118,"column":50}}],"line":92},"4":{"loc":{"start":{"line":121,"column":13},"end":{"line":240,"column":23}},"type":"cond-expr","locations":[{"start":{"line":121,"column":40},"end":{"line":225,"column":22}},{"start":{"line":226,"column":16},"end":{"line":240,"column":23}}],"line":121},"5":{"loc":{"start":{"line":132,"column":44},"end":{"line":134,"column":75}},"type":"cond-expr","locations":[{"start":{"line":133,"column":48},"end":{"line":133,"column":151}},{"start":{"line":134,"column":50},"end":{"line":134,"column":75}}],"line":132}},"s":{"0":1,"1":7,"2":7,"3":7,"4":7,"5":3,"6":3,"7":3,"8":1,"9":2,"10":3,"11":3,"12":3,"13":0,"14":0,"15":0,"16":0,"17":0,"18":0,"19":4,"20":4,"21":4,"22":3,"23":4,"24":4,"25":1,"26":1,"27":1,"28":1,"29":1,"30":1,"31":1,"32":1,"33":7,"34":0,"35":0,"36":0,"37":0,"38":0,"39":3,"40":0,"41":0,"42":0,"43":0,"44":0,"45":1,"46":1,"47":3,"48":0,"49":0,"50":0,"51":1},"f":{"0":7,"1":3,"2":3,"3":0,"4":0,"5":4,"6":3,"7":1,"8":0,"9":0,"10":0,"11":0,"12":3,"13":0,"14":0,"15":0,"16":1,"17":3,"18":0,"19":0,"20":0},"b":{"0":[1,2],"1":[0,0],"2":[1,0],"3":[6,1],"4":[3,4],"5":[3,0]},"_coverageSchema":"1a1c01bbd47fc00a2c39e90264f33305004495a9","hash":"588f89f0255c22ce80e4f62f8a8a18db1aea3688"}
,"C:\\Filipe\\React\\LivenMarket\\containers\\sale\\DetailsItem.js": {"path":"C:\\Filipe\\React\\LivenMarket\\containers\\sale\\DetailsItem.js","statementMap":{"0":{"start":{"line":13,"column":22},"end":{"line":13,"column":36}},"1":{"start":{"line":14,"column":17},"end":{"line":14,"column":37}},"2":{"start":{"line":15,"column":30},"end":{"line":15,"column":41}},"3":{"start":{"line":16,"column":32},"end":{"line":22,"column":6}},"4":{"start":{"line":23,"column":28},"end":{"line":23,"column":39}},"5":{"start":{"line":25,"column":4},"end":{"line":29,"column":27}},"6":{"start":{"line":26,"column":8},"end":{"line":27,"column":46}},"7":{"start":{"line":32,"column":8},"end":{"line":32,"column":19}},"8":{"start":{"line":36,"column":8},"end":{"line":36,"column":30}},"9":{"start":{"line":38,"column":8},"end":{"line":38,"column":36}},"10":{"start":{"line":40,"column":4},"end":{"line":137,"column":5}},"11":{"start":{"line":44,"column":55},"end":{"line":44,"column":74}},"12":{"start":{"line":54,"column":24},"end":{"line":54,"column":52}},"13":{"start":{"line":68,"column":56},"end":{"line":68,"column":94}},"14":{"start":{"line":92,"column":36},"end":{"line":92,"column":54}},"15":{"start":{"line":93,"column":36},"end":{"line":93,"column":53}},"16":{"start":{"line":95,"column":64},"end":{"line":95,"column":87}},"17":{"start":{"line":112,"column":28},"end":{"line":112,"column":64}},"18":{"start":{"line":121,"column":28},"end":{"line":121,"column":42}},"19":{"start":{"line":123,"column":28},"end":{"line":123,"column":74}},"20":{"start":{"line":141,"column":10},"end":{"line":162,"column":2}}},"fnMap":{"0":{"name":"DetailsItem","decl":{"start":{"line":12,"column":24},"end":{"line":12,"column":35}},"loc":{"start":{"line":12,"column":59},"end":{"line":139,"column":1}},"line":12},"1":{"name":"(anonymous_1)","decl":{"start":{"line":25,"column":14},"end":{"line":25,"column":15}},"loc":{"start":{"line":25,"column":20},"end":{"line":29,"column":5}},"line":25},"2":{"name":"changeQtde","decl":{"start":{"line":31,"column":13},"end":{"line":31,"column":23}},"loc":{"start":{"line":31,"column":27},"end":{"line":33,"column":5}},"line":31},"3":{"name":"addCart","decl":{"start":{"line":35,"column":13},"end":{"line":35,"column":20}},"loc":{"start":{"line":35,"column":27},"end":{"line":39,"column":5}},"line":35},"4":{"name":"(anonymous_4)","decl":{"start":{"line":44,"column":47},"end":{"line":44,"column":48}},"loc":{"start":{"line":44,"column":53},"end":{"line":44,"column":76}},"line":44},"5":{"name":"(anonymous_5)","decl":{"start":{"line":53,"column":47},"end":{"line":53,"column":48}},"loc":{"start":{"line":53,"column":53},"end":{"line":55,"column":21}},"line":53},"6":{"name":"(anonymous_6)","decl":{"start":{"line":68,"column":47},"end":{"line":68,"column":48}},"loc":{"start":{"line":68,"column":56},"end":{"line":68,"column":94}},"line":68},"7":{"name":"(anonymous_7)","decl":{"start":{"line":91,"column":42},"end":{"line":91,"column":43}},"loc":{"start":{"line":91,"column":51},"end":{"line":94,"column":33}},"line":91},"8":{"name":"(anonymous_8)","decl":{"start":{"line":95,"column":48},"end":{"line":95,"column":49}},"loc":{"start":{"line":95,"column":64},"end":{"line":95,"column":87}},"line":95},"9":{"name":"(anonymous_9)","decl":{"start":{"line":111,"column":81},"end":{"line":111,"column":82}},"loc":{"start":{"line":111,"column":87},"end":{"line":113,"column":25}},"line":111},"10":{"name":"(anonymous_10)","decl":{"start":{"line":120,"column":109},"end":{"line":120,"column":110}},"loc":{"start":{"line":120,"column":115},"end":{"line":124,"column":25}},"line":120}},"branchMap":{"0":{"loc":{"start":{"line":26,"column":8},"end":{"line":27,"column":46}},"type":"cond-expr","locations":[{"start":{"line":27,"column":12},"end":{"line":27,"column":39}},{"start":{"line":27,"column":42},"end":{"line":27,"column":46}}],"line":26}},"s":{"0":5,"1":5,"2":5,"3":5,"4":5,"5":5,"6":4,"7":0,"8":1,"9":1,"10":5,"11":0,"12":0,"13":0,"14":0,"15":0,"16":0,"17":0,"18":1,"19":1,"20":1},"f":{"0":5,"1":4,"2":0,"3":1,"4":0,"5":0,"6":0,"7":0,"8":0,"9":0,"10":1},"b":{"0":[4,0]},"_coverageSchema":"1a1c01bbd47fc00a2c39e90264f33305004495a9","hash":"8188ac9df4d6eaa2f7f5225cf9ce214bb88c7eb8"}
,"C:\\Filipe\\React\\LivenMarket\\containers\\sale\\components\\CartIcon.js": {"path":"C:\\Filipe\\React\\LivenMarket\\containers\\sale\\components\\CartIcon.js","statementMap":{"0":{"start":{"line":7,"column":4},"end":{"line":24,"column":5}}},"fnMap":{"0":{"name":"CartIcon","decl":{"start":{"line":6,"column":24},"end":{"line":6,"column":32}},"loc":{"start":{"line":6,"column":40},"end":{"line":25,"column":1}},"line":6}},"branchMap":{},"s":{"0":11},"f":{"0":11},"b":{},"_coverageSchema":"1a1c01bbd47fc00a2c39e90264f33305004495a9","hash":"3ed9ec4ca44ecd961fd274e70e9cea2e3d22b245"}
}
