TN:
SF:App.js
FN:16,App
FN:19,(anonymous_1)
FN:23,loadResourcesAndDataAsync
FNF:3
FNH:3
FNDA:2,App
FNDA:1,(anonymous_1)
FNDA:1,loadResourcesAndDataAsync
DA:14,1
DA:17,2
DA:19,1
DA:20,1
DA:24,1
DA:25,1
DA:26,1
DA:32,1
DA:34,1
DA:41,1
DA:42,1
DA:43,1
DA:47,0
DA:48,0
DA:73,1
LF:15
LH:13
BRDA:41,0,0,1
BRDA:41,0,1,0
BRF:2
BRH:1
end_of_record
TN:
SF:containers\home\HomeScreen.js
FN:10,HomeScreen
FN:16,(anonymous_1)
FN:20,(anonymous_2)
FN:26,getData
FN:34,(anonymous_4)
FN:35,(anonymous_5)
FN:39,(anonymous_6)
FN:44,(anonymous_7)
FN:50,(anonymous_8)
FN:59,(anonymous_9)
FN:64,(anonymous_10)
FN:82,(anonymous_11)
FN:102,(anonymous_12)
FN:105,(anonymous_13)
FN:129,(anonymous_14)
FNF:15
FNH:4
FNDA:3,HomeScreen
FNDA:3,(anonymous_1)
FNDA:3,(anonymous_2)
FNDA:3,getData
FNDA:0,(anonymous_4)
FNDA:0,(anonymous_5)
FNDA:0,(anonymous_6)
FNDA:0,(anonymous_7)
FNDA:0,(anonymous_8)
FNDA:0,(anonymous_9)
FNDA:0,(anonymous_10)
FNDA:0,(anonymous_11)
FNDA:0,(anonymous_12)
FNDA:0,(anonymous_13)
FNDA:0,(anonymous_14)
DA:11,3
DA:12,3
DA:13,3
DA:14,3
DA:16,3
DA:17,3
DA:20,3
DA:21,3
DA:27,3
DA:28,3
DA:35,0
DA:36,0
DA:37,0
DA:38,0
DA:39,0
DA:40,0
DA:41,0
DA:42,0
DA:45,0
DA:48,0
DA:51,0
DA:53,0
DA:59,0
DA:72,3
DA:83,0
DA:103,0
DA:106,0
DA:129,0
DA:140,1
LF:29
LH:12
BRDA:21,0,0,3
BRDA:21,0,1,0
BRDA:36,1,0,0
BRDA:36,1,1,0
BRDA:91,2,0,3
BRDA:91,2,1,0
BRDA:110,3,0,0
BRDA:110,3,1,0
BRF:8
BRH:2
end_of_record
TN:
SF:containers\login\Login.js
FN:6,Login
FN:12,navigateToHomeScreen
FN:50,(anonymous_2)
FN:62,(anonymous_3)
FN:63,(anonymous_4)
FN:68,(anonymous_5)
FN:81,(anonymous_6)
FN:86,(anonymous_7)
FN:99,(anonymous_8)
FNF:9
FNH:1
FNDA:3,Login
FNDA:0,navigateToHomeScreen
FNDA:0,(anonymous_2)
FNDA:0,(anonymous_3)
FNDA:0,(anonymous_4)
FNDA:0,(anonymous_5)
FNDA:0,(anonymous_6)
FNDA:0,(anonymous_7)
FNDA:0,(anonymous_8)
DA:7,3
DA:8,3
DA:9,3
DA:10,3
DA:13,0
DA:14,0
DA:16,3
DA:82,0
DA:87,0
DA:100,0
DA:112,1
LF:11
LH:6
BRDA:19,0,0,3
BRDA:19,0,1,0
BRDA:72,1,0,3
BRDA:72,1,1,0
BRDA:93,2,0,0
BRDA:93,2,1,3
BRF:6
BRH:3
end_of_record
TN:
SF:containers\sale\Cart.js
FN:13,Cart
FN:21,(anonymous_1)
FN:25,(anonymous_2)
FN:38,setQtde
FN:40,(anonymous_4)
FN:50,sumTotal
FN:53,(anonymous_6)
FN:60,removeItem
FN:76,(anonymous_8)
FN:85,(anonymous_9)
FN:92,(anonymous_10)
FN:101,(anonymous_11)
FN:114,(anonymous_12)
FN:117,(anonymous_13)
FN:137,(anonymous_14)
FN:142,(anonymous_15)
FN:157,(anonymous_16)
FN:170,(anonymous_17)
FN:197,(anonymous_18)
FN:203,(anonymous_19)
FN:221,(anonymous_20)
FNF:21
FNH:7
FNDA:2,Cart
FNDA:1,(anonymous_1)
FNDA:1,(anonymous_2)
FNDA:0,setQtde
FNDA:0,(anonymous_4)
FNDA:1,sumTotal
FNDA:1,(anonymous_6)
FNDA:0,removeItem
FNDA:0,(anonymous_8)
FNDA:0,(anonymous_9)
FNDA:0,(anonymous_10)
FNDA:0,(anonymous_11)
FNDA:1,(anonymous_12)
FNDA:0,(anonymous_13)
FNDA:0,(anonymous_14)
FNDA:0,(anonymous_15)
FNDA:0,(anonymous_16)
FNDA:1,(anonymous_17)
FNDA:0,(anonymous_18)
FNDA:0,(anonymous_19)
FNDA:0,(anonymous_20)
DA:11,1
DA:15,2
DA:17,2
DA:19,2
DA:21,2
DA:22,1
DA:25,1
DA:26,1
DA:27,1
DA:31,1
DA:32,1
DA:33,1
DA:39,0
DA:40,0
DA:41,0
DA:42,0
DA:45,0
DA:46,0
DA:51,1
DA:52,1
DA:53,1
DA:54,1
DA:56,1
DA:61,0
DA:62,0
DA:63,0
DA:65,0
DA:66,0
DA:67,0
DA:68,0
DA:72,2
DA:76,0
DA:86,0
DA:93,0
DA:94,0
DA:95,0
DA:115,1
DA:118,0
DA:138,0
DA:139,0
DA:140,0
DA:142,0
DA:158,0
DA:159,0
DA:170,1
DA:198,0
DA:204,0
DA:222,0
DA:232,1
LF:49
LH:21
BRDA:27,0,0,1
BRDA:27,0,1,0
BRDA:41,1,0,0
BRDA:41,1,1,0
BRDA:63,2,0,0
BRDA:63,2,1,0
BRDA:85,3,0,2
BRDA:85,3,1,0
BRDA:111,4,0,1
BRDA:111,4,1,1
BRDA:122,5,0,1
BRDA:122,5,1,0
BRF:12
BRH:5
end_of_record
TN:
SF:containers\sale\DetailsItem.js
FN:12,DetailsItem
FN:25,(anonymous_1)
FN:31,changeQtde
FN:38,(anonymous_3)
FN:47,(anonymous_4)
FN:62,(anonymous_5)
FN:85,(anonymous_6)
FN:89,(anonymous_7)
FN:105,(anonymous_8)
FN:114,(anonymous_9)
FNF:10
FNH:4
FNDA:5,DetailsItem
FNDA:3,(anonymous_1)
FNDA:0,changeQtde
FNDA:0,(anonymous_3)
FNDA:0,(anonymous_4)
FNDA:0,(anonymous_5)
FNDA:0,(anonymous_6)
FNDA:0,(anonymous_7)
FNDA:1,(anonymous_8)
FNDA:1,(anonymous_9)
DA:13,5
DA:14,5
DA:15,5
DA:16,5
DA:23,5
DA:25,5
DA:26,3
DA:32,0
DA:34,5
DA:38,0
DA:48,0
DA:62,0
DA:86,0
DA:87,0
DA:89,0
DA:106,1
DA:115,1
DA:117,1
DA:119,1
DA:137,1
LF:20
LH:13
BRDA:26,0,0,3
BRDA:26,0,1,0
BRF:2
BRH:1
end_of_record
TN:
SF:containers\sale\components\CartIcon.js
FN:6,CartIcon
FNF:1
FNH:1
FNDA:8,CartIcon
DA:7,8
LF:1
LH:1
BRF:0
BRH:0
end_of_record
