TN:
SF:App.js
FN:16,App
FN:19,(anonymous_1)
FN:23,loadResourcesAndDataAsync
FNF:3
FNH:3
FNDA:4,App
FNDA:2,(anonymous_1)
FNDA:2,loadResourcesAndDataAsync
DA:14,1
DA:17,4
DA:19,4
DA:20,2
DA:24,2
DA:25,2
DA:26,2
DA:32,2
DA:34,2
DA:41,4
DA:42,2
DA:47,2
DA:72,1
LF:13
LH:13
BRDA:41,0,0,2
BRDA:41,0,1,2
BRF:2
BRH:2
end_of_record
TN:
SF:containers\home\HomeScreen.js
FN:10,HomeScreen
FN:16,(anonymous_1)
FN:20,(anonymous_2)
FN:24,getData
FN:32,(anonymous_4)
FN:33,(anonymous_5)
FN:37,(anonymous_6)
FN:42,(anonymous_7)
FN:48,(anonymous_8)
FN:57,(anonymous_9)
FN:62,(anonymous_10)
FN:80,(anonymous_11)
FN:100,(anonymous_12)
FN:103,(anonymous_13)
FN:127,(anonymous_14)
FNF:15
FNH:4
FNDA:6,HomeScreen
FNDA:6,(anonymous_1)
FNDA:6,(anonymous_2)
FNDA:6,getData
FNDA:0,(anonymous_4)
FNDA:0,(anonymous_5)
FNDA:0,(anonymous_6)
FNDA:0,(anonymous_7)
FNDA:0,(anonymous_8)
FNDA:0,(anonymous_9)
FNDA:0,(anonymous_10)
FNDA:0,(anonymous_11)
FNDA:0,(anonymous_12)
FNDA:0,(anonymous_13)
FNDA:0,(anonymous_14)
DA:11,6
DA:12,6
DA:13,6
DA:14,6
DA:16,6
DA:17,6
DA:20,6
DA:21,6
DA:25,6
DA:26,6
DA:33,0
DA:34,0
DA:35,0
DA:36,0
DA:37,0
DA:38,0
DA:39,0
DA:40,0
DA:43,0
DA:46,0
DA:49,0
DA:51,0
DA:57,0
DA:70,6
DA:81,0
DA:101,0
DA:104,0
DA:127,0
DA:138,1
LF:29
LH:12
BRDA:21,0,0,6
BRDA:21,0,1,0
BRDA:34,1,0,0
BRDA:34,1,1,0
BRDA:89,2,0,6
BRDA:89,2,1,0
BRDA:108,3,0,0
BRDA:108,3,1,0
BRF:8
BRH:2
end_of_record
TN:
SF:containers\login\Login.js
FN:6,Login
FN:12,navigateToHomeScreen
FN:49,(anonymous_2)
FN:61,(anonymous_3)
FN:62,(anonymous_4)
FN:67,(anonymous_5)
FN:80,(anonymous_6)
FN:85,(anonymous_7)
FN:98,(anonymous_8)
FNF:9
FNH:1
FNDA:6,Login
FNDA:0,navigateToHomeScreen
FNDA:0,(anonymous_2)
FNDA:0,(anonymous_3)
FNDA:0,(anonymous_4)
FNDA:0,(anonymous_5)
FNDA:0,(anonymous_6)
FNDA:0,(anonymous_7)
FNDA:0,(anonymous_8)
DA:7,6
DA:8,6
DA:9,6
DA:10,6
DA:13,0
DA:15,6
DA:81,0
DA:86,0
DA:99,0
DA:111,1
LF:10
LH:6
BRDA:18,0,0,6
BRDA:18,0,1,0
BRDA:71,1,0,6
BRDA:71,1,1,0
BRDA:92,2,0,0
BRDA:92,2,1,6
BRF:6
BRH:3
end_of_record
TN:
SF:containers\sale\Cart.js
FN:13,Cart
FN:21,(anonymous_1)
FN:25,(anonymous_2)
FN:42,setQtde
FN:44,(anonymous_4)
FN:54,sumTotal
FN:57,(anonymous_6)
FN:67,removeItem
FN:83,(anonymous_8)
FN:95,(anonymous_9)
FN:102,(anonymous_10)
FN:111,(anonymous_11)
FN:124,(anonymous_12)
FN:127,(anonymous_13)
FN:147,(anonymous_14)
FN:152,(anonymous_15)
FN:169,(anonymous_16)
FN:184,(anonymous_17)
FN:211,(anonymous_18)
FN:217,(anonymous_19)
FN:235,(anonymous_20)
FNF:21
FNH:9
FNDA:7,Cart
FNDA:3,(anonymous_1)
FNDA:3,(anonymous_2)
FNDA:0,setQtde
FNDA:0,(anonymous_4)
FNDA:4,sumTotal
FNDA:3,(anonymous_6)
FNDA:1,removeItem
FNDA:0,(anonymous_8)
FNDA:0,(anonymous_9)
FNDA:0,(anonymous_10)
FNDA:0,(anonymous_11)
FNDA:3,(anonymous_12)
FNDA:0,(anonymous_13)
FNDA:0,(anonymous_14)
FNDA:0,(anonymous_15)
FNDA:1,(anonymous_16)
FNDA:3,(anonymous_17)
FNDA:0,(anonymous_18)
FNDA:0,(anonymous_19)
FNDA:0,(anonymous_20)
DA:11,1
DA:15,7
DA:17,7
DA:19,7
DA:21,7
DA:22,3
DA:25,3
DA:27,3
DA:29,2
DA:35,3
DA:36,3
DA:37,3
DA:43,0
DA:44,0
DA:45,0
DA:46,0
DA:49,0
DA:50,0
DA:55,4
DA:56,4
DA:57,4
DA:58,3
DA:61,4
DA:63,4
DA:68,1
DA:69,1
DA:70,1
DA:72,1
DA:73,1
DA:74,1
DA:75,1
DA:79,7
DA:83,0
DA:96,0
DA:103,0
DA:104,0
DA:105,0
DA:125,3
DA:128,0
DA:148,0
DA:149,0
DA:150,0
DA:152,0
DA:171,1
DA:172,1
DA:184,3
DA:212,0
DA:218,0
DA:236,0
DA:246,1
LF:50
LH:31
BRDA:27,0,0,1
BRDA:27,0,1,2
BRDA:45,1,0,0
BRDA:45,1,1,0
BRDA:70,2,0,1
BRDA:70,2,1,0
BRDA:92,3,0,6
BRDA:92,3,1,1
BRDA:121,4,0,3
BRDA:121,4,1,4
BRDA:132,5,0,3
BRDA:132,5,1,0
BRF:12
BRH:8
end_of_record
TN:
SF:containers\sale\DetailsItem.js
FN:12,DetailsItem
FN:25,(anonymous_1)
FN:31,changeQtde
FN:35,addCart
FN:44,(anonymous_4)
FN:53,(anonymous_5)
FN:68,(anonymous_6)
FN:91,(anonymous_7)
FN:95,(anonymous_8)
FN:111,(anonymous_9)
FN:120,(anonymous_10)
FNF:11
FNH:4
FNDA:5,DetailsItem
FNDA:4,(anonymous_1)
FNDA:0,changeQtde
FNDA:1,addCart
FNDA:0,(anonymous_4)
FNDA:0,(anonymous_5)
FNDA:0,(anonymous_6)
FNDA:0,(anonymous_7)
FNDA:0,(anonymous_8)
FNDA:0,(anonymous_9)
FNDA:1,(anonymous_10)
DA:13,5
DA:14,5
DA:15,5
DA:16,5
DA:23,5
DA:25,5
DA:26,4
DA:32,0
DA:36,1
DA:38,1
DA:40,5
DA:44,0
DA:54,0
DA:68,0
DA:92,0
DA:93,0
DA:95,0
DA:112,0
DA:121,1
DA:123,1
DA:141,1
LF:21
LH:13
BRDA:26,0,0,4
BRDA:26,0,1,0
BRF:2
BRH:1
end_of_record
TN:
SF:containers\sale\components\CartIcon.js
FN:6,CartIcon
FNF:1
FNH:1
FNDA:11,CartIcon
DA:7,11
LF:1
LH:1
BRF:0
BRH:0
end_of_record
